<?xml version="1.0" encoding="UTF-8"?>
<Site BuildName="Win32-MSBuild"
	BuildStamp="20240214-0356-Experimental"
	Name="abhi"
	Generator="ctest-3.27.8"
	CompilerName="C:/Program Files/Microsoft Visual Studio/2022/Community/VC/Tools/MSVC/14.38.33130/bin/Hostx86/x64/cl.exe"
	CompilerVersion="19.38.33134.0"
	OSName="Windows"
	Hostname="abhi"
	OSRelease=" Personal"
	OSVersion=" (Build 9200)"
	OSPlatform="AMD64"
	Is64Bits="1"
	VendorString=""
	VendorID="Unknown Manufacturer"
	FamilyID="0"
	ModelID="0"
	ProcessorCacheSize="0"
	NumberOfLogicalCPU="16"
	NumberOfPhysicalCPU="8"
	TotalVirtualMemory="23492"
	TotalPhysicalMemory="15556"
	LogicalProcessorsPerPhysical="2"
	ProcessorClockFrequency="3793"
	>
	<Testing>
		<StartDateTime>Feb 14 13:44 Eastern Standard Time</StartDateTime>
		<StartTestTime>1707936267</StartTestTime>
		<TestList/>
		<EndDateTime>Feb 14 13:44 Eastern Standard Time</EndDateTime>
		<EndTestTime>1707936267</EndTestTime>
		<ElapsedMinutes>0</ElapsedMinutes>
	</Testing>
</Site>
